09-22 13:58:14 com_github_MitjaNemec_PlaceFootprints.action_place_footprints 647:Plugin executed on: 'darwin'
09-22 13:58:14 com_github_MitjaNemec_PlaceFootprints.action_place_footprints 648:Plugin executed with python version: '3.9.13 (v3.9.13:6de2ca5339, May 17 2022, 11:37:23) \n[Clang 13.0.0 (clang-1300.0.29.30)]'
09-22 13:58:14 com_github_MitjaNemec_PlaceFootprints.action_place_footprints 649:KiCad build version: 7.0.11
09-22 13:58:14 com_github_MitjaNemec_PlaceFootprints.action_place_footprints 650:Plugin version: 2.1.3
09-22 13:58:14 com_github_MitjaNemec_PlaceFootprints.action_place_footprints 651:Frame repr: <wx._core.Frame object at 0x12e846f70>
09-22 13:58:14 com_github_MitjaNemec_PlaceFootprints.place_footprints 121:getting a list of all footprints on board
09-22 13:58:14 com_github_MitjaNemec_PlaceFootprints.place_footprints 156:Footprint C6 on root level
09-22 13:58:14 com_github_MitjaNemec_PlaceFootprints.place_footprints 156:Footprint R15 on root level
09-22 13:58:14 com_github_MitjaNemec_PlaceFootprints.place_footprints 156:Footprint J5 on root level
09-22 13:58:14 com_github_MitjaNemec_PlaceFootprints.place_footprints 156:Footprint J11 on root level
09-22 13:58:14 com_github_MitjaNemec_PlaceFootprints.place_footprints 156:Footprint R16 on root level
09-22 13:58:14 com_github_MitjaNemec_PlaceFootprints.place_footprints 156:Footprint D15 on root level
09-22 13:58:14 com_github_MitjaNemec_PlaceFootprints.place_footprints 156:Footprint C8 on root level
09-22 13:58:14 com_github_MitjaNemec_PlaceFootprints.place_footprints 156:Footprint U2 on root level
09-22 13:58:14 com_github_MitjaNemec_PlaceFootprints.place_footprints 156:Footprint R6 on root level
09-22 13:58:14 com_github_MitjaNemec_PlaceFootprints.place_footprints 156:Footprint Q5 on root level
09-22 13:58:14 com_github_MitjaNemec_PlaceFootprints.place_footprints 156:Footprint U4 on root level
09-22 13:58:14 com_github_MitjaNemec_PlaceFootprints.place_footprints 156:Footprint R13 on root level
09-22 13:58:14 com_github_MitjaNemec_PlaceFootprints.place_footprints 156:Footprint R2 on root level
09-22 13:58:14 com_github_MitjaNemec_PlaceFootprints.place_footprints 156:Footprint R5 on root level
09-22 13:58:14 com_github_MitjaNemec_PlaceFootprints.place_footprints 156:Footprint J4 on root level
09-22 13:58:14 com_github_MitjaNemec_PlaceFootprints.place_footprints 156:Footprint R11 on root level
09-22 13:58:14 com_github_MitjaNemec_PlaceFootprints.place_footprints 156:Footprint SW2 on root level
09-22 13:58:14 com_github_MitjaNemec_PlaceFootprints.place_footprints 156:Footprint R9 on root level
09-22 13:58:14 com_github_MitjaNemec_PlaceFootprints.place_footprints 156:Footprint D9 on root level
09-22 13:58:14 com_github_MitjaNemec_PlaceFootprints.place_footprints 156:Footprint J3 on root level
09-22 13:58:14 com_github_MitjaNemec_PlaceFootprints.place_footprints 156:Footprint D6 on root level
09-22 13:58:14 com_github_MitjaNemec_PlaceFootprints.place_footprints 156:Footprint D8 on root level
09-22 13:58:14 com_github_MitjaNemec_PlaceFootprints.place_footprints 156:Footprint C2 on root level
09-22 13:58:14 com_github_MitjaNemec_PlaceFootprints.place_footprints 156:Footprint D28 on root level
09-22 13:58:14 com_github_MitjaNemec_PlaceFootprints.place_footprints 156:Footprint D26 on root level
09-22 13:58:14 com_github_MitjaNemec_PlaceFootprints.place_footprints 156:Footprint D22 on root level
09-22 13:58:14 com_github_MitjaNemec_PlaceFootprints.place_footprints 156:Footprint D24 on root level
09-22 13:58:14 com_github_MitjaNemec_PlaceFootprints.place_footprints 156:Footprint D12 on root level
09-22 13:58:14 com_github_MitjaNemec_PlaceFootprints.place_footprints 156:Footprint SW5 on root level
09-22 13:58:14 com_github_MitjaNemec_PlaceFootprints.place_footprints 156:Footprint D3 on root level
09-22 13:58:14 com_github_MitjaNemec_PlaceFootprints.place_footprints 156:Footprint D2 on root level
09-22 13:58:14 com_github_MitjaNemec_PlaceFootprints.place_footprints 156:Footprint R14 on root level
09-22 13:58:14 com_github_MitjaNemec_PlaceFootprints.place_footprints 156:Footprint Q4 on root level
09-22 13:58:14 com_github_MitjaNemec_PlaceFootprints.place_footprints 156:Footprint J10 on root level
09-22 13:58:14 com_github_MitjaNemec_PlaceFootprints.place_footprints 156:Footprint R7 on root level
09-22 13:58:14 com_github_MitjaNemec_PlaceFootprints.place_footprints 156:Footprint C1 on root level
09-22 13:58:14 com_github_MitjaNemec_PlaceFootprints.place_footprints 156:Footprint D17 on root level
09-22 13:58:14 com_github_MitjaNemec_PlaceFootprints.place_footprints 156:Footprint SW3 on root level
09-22 13:58:14 com_github_MitjaNemec_PlaceFootprints.place_footprints 156:Footprint J8 on root level
09-22 13:58:14 com_github_MitjaNemec_PlaceFootprints.place_footprints 156:Footprint D23 on root level
09-22 13:58:14 com_github_MitjaNemec_PlaceFootprints.place_footprints 156:Footprint D7 on root level
09-22 13:58:14 com_github_MitjaNemec_PlaceFootprints.place_footprints 156:Footprint D10 on root level
09-22 13:58:14 com_github_MitjaNemec_PlaceFootprints.place_footprints 156:Footprint R1 on root level
09-22 13:58:14 com_github_MitjaNemec_PlaceFootprints.place_footprints 156:Footprint C7 on root level
09-22 13:58:14 com_github_MitjaNemec_PlaceFootprints.place_footprints 156:Footprint U1 on root level
09-22 13:58:14 com_github_MitjaNemec_PlaceFootprints.place_footprints 156:Footprint D14 on root level
09-22 13:58:14 com_github_MitjaNemec_PlaceFootprints.place_footprints 156:Footprint J1 on root level
09-22 13:58:14 com_github_MitjaNemec_PlaceFootprints.place_footprints 156:Footprint Q1 on root level
09-22 13:58:14 com_github_MitjaNemec_PlaceFootprints.place_footprints 156:Footprint C9 on root level
09-22 13:58:14 com_github_MitjaNemec_PlaceFootprints.place_footprints 156:Footprint C5 on root level
09-22 13:58:14 com_github_MitjaNemec_PlaceFootprints.place_footprints 156:Footprint R3 on root level
09-22 13:58:14 com_github_MitjaNemec_PlaceFootprints.place_footprints 156:Footprint R8 on root level
09-22 13:58:14 com_github_MitjaNemec_PlaceFootprints.place_footprints 156:Footprint D11 on root level
09-22 13:58:14 com_github_MitjaNemec_PlaceFootprints.place_footprints 156:Footprint D25 on root level
09-22 13:58:14 com_github_MitjaNemec_PlaceFootprints.place_footprints 156:Footprint D18 on root level
09-22 13:58:14 com_github_MitjaNemec_PlaceFootprints.place_footprints 156:Footprint R17 on root level
09-22 13:58:14 com_github_MitjaNemec_PlaceFootprints.place_footprints 156:Footprint D19 on root level
09-22 13:58:14 com_github_MitjaNemec_PlaceFootprints.place_footprints 156:Footprint J14 on root level
09-22 13:58:14 com_github_MitjaNemec_PlaceFootprints.place_footprints 156:Footprint D4 on root level
09-22 13:58:14 com_github_MitjaNemec_PlaceFootprints.place_footprints 156:Footprint D30 on root level
09-22 13:58:14 com_github_MitjaNemec_PlaceFootprints.place_footprints 156:Footprint U5 on root level
09-22 13:58:14 com_github_MitjaNemec_PlaceFootprints.place_footprints 156:Footprint U3 on root level
09-22 13:58:14 com_github_MitjaNemec_PlaceFootprints.place_footprints 156:Footprint J9 on root level
09-22 13:58:14 com_github_MitjaNemec_PlaceFootprints.place_footprints 156:Footprint C3 on root level
09-22 13:58:14 com_github_MitjaNemec_PlaceFootprints.place_footprints 156:Footprint D13 on root level
09-22 13:58:14 com_github_MitjaNemec_PlaceFootprints.place_footprints 156:Footprint U6 on root level
09-22 13:58:14 com_github_MitjaNemec_PlaceFootprints.place_footprints 156:Footprint C4 on root level
09-22 13:58:14 com_github_MitjaNemec_PlaceFootprints.place_footprints 156:Footprint R12 on root level
09-22 13:58:14 com_github_MitjaNemec_PlaceFootprints.place_footprints 156:Footprint D5 on root level
09-22 13:58:14 com_github_MitjaNemec_PlaceFootprints.place_footprints 156:Footprint C12 on root level
09-22 13:58:14 com_github_MitjaNemec_PlaceFootprints.place_footprints 156:Footprint Q2 on root level
09-22 13:58:14 com_github_MitjaNemec_PlaceFootprints.place_footprints 156:Footprint D29 on root level
09-22 13:58:14 com_github_MitjaNemec_PlaceFootprints.place_footprints 156:Footprint J15 on root level
09-22 13:58:14 com_github_MitjaNemec_PlaceFootprints.place_footprints 156:Footprint Q3 on root level
09-22 13:58:14 com_github_MitjaNemec_PlaceFootprints.place_footprints 156:Footprint D20 on root level
09-22 13:58:14 com_github_MitjaNemec_PlaceFootprints.place_footprints 156:Footprint C10 on root level
09-22 13:58:14 com_github_MitjaNemec_PlaceFootprints.place_footprints 156:Footprint D16 on root level
09-22 13:58:14 com_github_MitjaNemec_PlaceFootprints.place_footprints 156:Footprint D27 on root level
09-22 13:58:14 com_github_MitjaNemec_PlaceFootprints.place_footprints 156:Footprint J2 on root level
09-22 13:58:14 com_github_MitjaNemec_PlaceFootprints.place_footprints 156:Footprint D21 on root level
09-22 13:58:14 com_github_MitjaNemec_PlaceFootprints.place_footprints 156:Footprint R18 on root level
09-22 13:58:14 com_github_MitjaNemec_PlaceFootprints.place_footprints 156:Footprint R4 on root level
09-22 13:58:14 com_github_MitjaNemec_PlaceFootprints.place_footprints 156:Footprint D1 on root level
09-22 13:58:14 com_github_MitjaNemec_PlaceFootprints.place_footprints 156:Footprint R10 on root level
09-22 13:58:14 com_github_MitjaNemec_PlaceFootprints.place_footprints 156:Footprint J13 on root level
09-22 13:58:14 com_github_MitjaNemec_PlaceFootprints.place_footprints 156:Footprint J6 on root level
09-22 13:58:14 com_github_MitjaNemec_PlaceFootprints.place_footprints 156:Footprint J7 on root level
09-22 13:58:14 com_github_MitjaNemec_PlaceFootprints.place_footprints 156:Footprint J12 on root level
09-22 13:58:15 com_github_MitjaNemec_PlaceFootprints.action_place_footprints 830:Reference designator is: D
09-22 13:58:15 com_github_MitjaNemec_PlaceFootprints.action_place_footprints 831:Reference number is: 6
09-22 13:58:15 com_github_MitjaNemec_PlaceFootprints.action_place_footprints 863:Sorted and filtered list:
['D1', 'D2', 'D3', 'D4', 'D5', 'D6', 'D7', 'D8', 'D9', 'D10', 'D11', 'D12', 'D13', 'D14', 'D15', 'D16', 'D17', 'D18', 'D19', 'D20', 'D21', 'D22', 'D23', 'D24', 'D25', 'D26', 'D27', 'D28', 'D29', 'D30']
09-22 13:58:15 com_github_MitjaNemec_PlaceFootprints.action_place_footprints 359:wx.Colour(38, 38, 38, 255)
09-22 13:58:36 com_github_MitjaNemec_PlaceFootprints.action_place_footprints 490:'5.600'
09-22 13:58:36 com_github_MitjaNemec_PlaceFootprints.action_place_footprints 549:Preparing config for reference matrix
09-22 13:58:36 com_github_MitjaNemec_PlaceFootprints.action_place_footprints 556:Saving config file
09-22 13:58:36 com_github_MitjaNemec_PlaceFootprints.action_place_footprints 558:Saved the config file
09-22 13:58:36 com_github_MitjaNemec_PlaceFootprints.action_place_footprints 901:Footprints to place:
['D6', 'D7', 'D8', 'D9', 'D10', 'D11', 'D12', 'D13', 'D14', 'D15', 'D16', 'D17', 'D18', 'D19', 'D20', 'D21', 'D22', 'D23', 'D24', 'D25', 'D26', 'D27', 'D28', 'D29', 'D30']
09-22 13:58:36 com_github_MitjaNemec_PlaceFootprints.place_footprints 398:Starting placing with matrix layout
09-22 13:58:36 com_github_MitjaNemec_PlaceFootprints.action_place_footprints 974:Fatal error when executing place footprints
Traceback (most recent call last):
  File "/Users/connor/Documents/KiCad/7.0/3rdparty/plugins/com_github_MitjaNemec_PlaceFootprints/action_place_footprints.py", line 969, in Run
    placer.place_matrix(footprints_to_place, ref_fp_ref, step_x, step_y, nr_columns, step, rotation,
  File "/Users/connor/Documents/KiCad/7.0/3rdparty/plugins/com_github_MitjaNemec_PlaceFootprints/place_footprints.py", line 432, in place_matrix
    self.replicate_fp_text_items(ref_fp, fp)
  File "/Users/connor/Documents/KiCad/7.0/3rdparty/plugins/com_github_MitjaNemec_PlaceFootprints/place_footprints.py", line 445, in replicate_fp_text_items
    "Source module: " + src_fp + " has different number of text items (" + repr(len(src_fp_text_items))
TypeError: can only concatenate str (not "Footprint") to str
